<?xml version="1.0" encoding="UTF-8"?>
<!-- Generated by org.testng.reporters.JUnitReportReporter -->
<testsuite hostname="tabish" failures="0" tests="1" name="test.sample1" time="14.099" errors="0" timestamp="2022-04-18T17:59:13 IST" skipped="0">
  <testcase classname="test.sample1" name="astroLogin" time="14.099"/>
  <system-out/>
</testsuite> <!-- test.sample1 -->
